  AngularSpringForce.cpp
  CircularWireConstraint.cpp
  Cloth.cpp
L:\learning\academy\TUeM1\Q4\Simulation\project_git\2IMV15-Simulation-in-Computer-Graphics\SICGConsole\SICGConsole\Cloth.cpp(51,17): warning C4018: “<”: 有符号/无符号不匹配
L:\learning\academy\TUeM1\Q4\Simulation\project_git\2IMV15-Simulation-in-Computer-Graphics\SICGConsole\SICGConsole\Cloth.cpp(59,17): warning C4018: “<”: 有符号/无符号不匹配
L:\learning\academy\TUeM1\Q4\Simulation\project_git\2IMV15-Simulation-in-Computer-Graphics\SICGConsole\SICGConsole\Cloth.cpp(67,17): warning C4018: “<”: 有符号/无符号不匹配
L:\learning\academy\TUeM1\Q4\Simulation\project_git\2IMV15-Simulation-in-Computer-Graphics\SICGConsole\SICGConsole\Cloth.cpp(70,20): warning C4244: “参数”: 从“double”转换到“float”，可能丢失数据
L:\learning\academy\TUeM1\Q4\Simulation\project_git\2IMV15-Simulation-in-Computer-Graphics\SICGConsole\SICGConsole\Cloth.cpp(75,17): warning C4018: “<”: 有符号/无符号不匹配
L:\learning\academy\TUeM1\Q4\Simulation\project_git\2IMV15-Simulation-in-Computer-Graphics\SICGConsole\SICGConsole\Cloth.cpp(78,19): warning C4244: “参数”: 从“double”转换到“float”，可能丢失数据
L:\learning\academy\TUeM1\Q4\Simulation\project_git\2IMV15-Simulation-in-Computer-Graphics\SICGConsole\SICGConsole\Cloth.cpp(88,41): warning C4305: “参数”: 从“double”到“T”截断
          with
          [
              T=float
          ]
L:\learning\academy\TUeM1\Q4\Simulation\project_git\2IMV15-Simulation-in-Computer-Graphics\SICGConsole\SICGConsole\Cloth.cpp(100,64): warning C4244: “参数”: 从“double”转换到“const float”，可能丢失数据
L:\learning\academy\TUeM1\Q4\Simulation\project_git\2IMV15-Simulation-in-Computer-Graphics\SICGConsole\SICGConsole\Cloth.cpp(102,74): warning C4244: “参数”: 从“double”转换到“const float”，可能丢失数据
  GravityForce.cpp
  Hair.cpp
L:\learning\academy\TUeM1\Q4\Simulation\project_git\2IMV15-Simulation-in-Computer-Graphics\SICGConsole\SICGConsole\Hair.h(28,33): warning C4305: “初始化”: 从“double”到“float”截断
L:\learning\academy\TUeM1\Q4\Simulation\project_git\2IMV15-Simulation-in-Computer-Graphics\SICGConsole\SICGConsole\Hair.h(28,76): warning C4305: “初始化”: 从“double”到“float”截断
L:\learning\academy\TUeM1\Q4\Simulation\project_git\2IMV15-Simulation-in-Computer-Graphics\SICGConsole\SICGConsole\Hair.h(30,20): warning C4305: “初始化”: 从“double”到“float”截断
L:\learning\academy\TUeM1\Q4\Simulation\project_git\2IMV15-Simulation-in-Computer-Graphics\SICGConsole\SICGConsole\Hair.h(30,34): warning C4305: “初始化”: 从“double”到“float”截断
L:\learning\academy\TUeM1\Q4\Simulation\project_git\2IMV15-Simulation-in-Computer-Graphics\SICGConsole\SICGConsole\Hair.h(31,33): warning C4305: “参数”: 从“double”到“T”截断
          with
          [
              T=float
          ]
L:\learning\academy\TUeM1\Q4\Simulation\project_git\2IMV15-Simulation-in-Computer-Graphics\SICGConsole\SICGConsole\Hair.h(32,32): warning C4305: “参数”: 从“double”到“T”截断
          with
          [
              T=float
          ]
L:\learning\academy\TUeM1\Q4\Simulation\project_git\2IMV15-Simulation-in-Computer-Graphics\SICGConsole\SICGConsole\Hair.h(33,33): warning C4305: “初始化”: 从“double”到“float”截断
L:\learning\academy\TUeM1\Q4\Simulation\project_git\2IMV15-Simulation-in-Computer-Graphics\SICGConsole\SICGConsole\Hair.h(37,79): warning C4305: “初始化”: 从“double”到“_Ty”截断
          with
          [
              _Ty=float
          ]
  Object.cpp
  Particle.cpp
  ParticleToy.cpp
L:\learning\academy\TUeM1\Q4\Simulation\project_git\2IMV15-Simulation-in-Computer-Graphics\SICGConsole\SICGConsole\Hair.h(28,33): warning C4305: “初始化”: 从“double”到“float”截断
L:\learning\academy\TUeM1\Q4\Simulation\project_git\2IMV15-Simulation-in-Computer-Graphics\SICGConsole\SICGConsole\Hair.h(28,76): warning C4305: “初始化”: 从“double”到“float”截断
L:\learning\academy\TUeM1\Q4\Simulation\project_git\2IMV15-Simulation-in-Computer-Graphics\SICGConsole\SICGConsole\Hair.h(30,20): warning C4305: “初始化”: 从“double”到“float”截断
L:\learning\academy\TUeM1\Q4\Simulation\project_git\2IMV15-Simulation-in-Computer-Graphics\SICGConsole\SICGConsole\Hair.h(30,34): warning C4305: “初始化”: 从“double”到“float”截断
L:\learning\academy\TUeM1\Q4\Simulation\project_git\2IMV15-Simulation-in-Computer-Graphics\SICGConsole\SICGConsole\Hair.h(31,33): warning C4305: “参数”: 从“double”到“T”截断
          with
          [
              T=float
          ]
L:\learning\academy\TUeM1\Q4\Simulation\project_git\2IMV15-Simulation-in-Computer-Graphics\SICGConsole\SICGConsole\Hair.h(32,32): warning C4305: “参数”: 从“double”到“T”截断
          with
          [
              T=float
          ]
L:\learning\academy\TUeM1\Q4\Simulation\project_git\2IMV15-Simulation-in-Computer-Graphics\SICGConsole\SICGConsole\Hair.h(33,33): warning C4305: “初始化”: 从“double”到“float”截断
L:\learning\academy\TUeM1\Q4\Simulation\project_git\2IMV15-Simulation-in-Computer-Graphics\SICGConsole\SICGConsole\Hair.h(37,79): warning C4305: “初始化”: 从“double”到“_Ty”截断
          with
          [
              _Ty=float
          ]
L:\learning\academy\TUeM1\Q4\Simulation\project_git\2IMV15-Simulation-in-Computer-Graphics\SICGConsole\SICGConsole\ParticleToy.cpp(146,20): warning C4018: “<”: 有符号/无符号不匹配
L:\learning\academy\TUeM1\Q4\Simulation\project_git\2IMV15-Simulation-in-Computer-Graphics\SICGConsole\SICGConsole\ParticleToy.cpp(250,17): warning C4018: “<”: 有符号/无符号不匹配
  RodConstraint.cpp
  SpringForce.cpp
  BasicVerlet.cpp
  ConstraintSolver.cpp
L:\learning\academy\TUeM1\Q4\Simulation\project_git\2IMV15-Simulation-in-Computer-Graphics\SICGConsole\SICGConsole\solvers\ConstraintSolver.cpp(31,21): warning C4018: “<”: 有符号/无符号不匹配
L:\learning\academy\TUeM1\Q4\Simulation\project_git\2IMV15-Simulation-in-Computer-Graphics\SICGConsole\SICGConsole\solvers\ConstraintSolver.cpp(42,21): warning C4018: “<”: 有符号/无符号不匹配
L:\learning\academy\TUeM1\Q4\Simulation\project_git\2IMV15-Simulation-in-Computer-Graphics\SICGConsole\SICGConsole\solvers\ConstraintSolver.cpp(50,22): warning C4018: “<”: 有符号/无符号不匹配
L:\learning\academy\TUeM1\Q4\Simulation\project_git\2IMV15-Simulation-in-Computer-Graphics\SICGConsole\SICGConsole\solvers\ConstraintSolver.cpp(81,21): warning C4018: “<”: 有符号/无符号不匹配
  Euler.cpp
L:\learning\academy\TUeM1\Q4\Simulation\project_git\2IMV15-Simulation-in-Computer-Graphics\SICGConsole\SICGConsole\solvers\Euler.cpp(60,21): warning C4018: “<”: 有符号/无符号不匹配
  MidPoint.cpp
  RungeKutta.cpp
  正在生成代码...
ParticleToy.obj : error LNK2019: 无法解析的外部符号 "public: __thiscall MouseForce::MouseForce(class Particle *,class gfx::TVec3<float> &,double,double)" (??0MouseForce@@QAE@PAVParticle@@AAV?$TVec3@M@gfx@@NN@Z)，该符号在函数 "void __cdecl init_system(void)" (?init_system@@YAXXZ) 中被引用
ParticleToy.obj : error LNK2019: 无法解析的外部符号 "public: void __thiscall MouseForce::set_mouse(class gfx::TVec3<float> const &)" (?set_mouse@MouseForce@@QAEXABV?$TVec3@M@gfx@@@Z)，该符号在函数 "void __cdecl get_from_UI(void)" (?get_from_UI@@YAXXZ) 中被引用
L:\learning\academy\TUeM1\Q4\Simulation\project_git\2IMV15-Simulation-in-Computer-Graphics\SICGConsole\Debug\SICGConsole.exe : fatal error LNK1120: 2 个无法解析的外部命令
