l:\learning\academy\tuem1\q4\simulation\project_git\2imv15-simulation-in-computer-graphics\sicgconsole\sicgconsole\debug\vc142.pdb
l:\learning\academy\tuem1\q4\simulation\project_git\2imv15-simulation-in-computer-graphics\sicgconsole\sicgconsole\debug\vc142.idb
l:\learning\academy\tuem1\q4\simulation\project_git\2imv15-simulation-in-computer-graphics\sicgconsole\sicgconsole\debug\springforce.obj
l:\learning\academy\tuem1\q4\simulation\project_git\2imv15-simulation-in-computer-graphics\sicgconsole\sicgconsole\debug\midpoint.obj
l:\learning\academy\tuem1\q4\simulation\project_git\2imv15-simulation-in-computer-graphics\sicgconsole\sicgconsole\debug\linearsolver.obj
l:\learning\academy\tuem1\q4\simulation\project_git\2imv15-simulation-in-computer-graphics\sicgconsole\sicgconsole\debug\euler.obj
l:\learning\academy\tuem1\q4\simulation\project_git\2imv15-simulation-in-computer-graphics\sicgconsole\sicgconsole\debug\sicgconsole.obj
l:\learning\academy\tuem1\q4\simulation\project_git\2imv15-simulation-in-computer-graphics\sicgconsole\sicgconsole\debug\rodconstraint.obj
l:\learning\academy\tuem1\q4\simulation\project_git\2imv15-simulation-in-computer-graphics\sicgconsole\sicgconsole\debug\particletoy.obj
l:\learning\academy\tuem1\q4\simulation\project_git\2imv15-simulation-in-computer-graphics\sicgconsole\sicgconsole\debug\particle.obj
l:\learning\academy\tuem1\q4\simulation\project_git\2imv15-simulation-in-computer-graphics\sicgconsole\sicgconsole\debug\gravityforce.obj
l:\learning\academy\tuem1\q4\simulation\project_git\2imv15-simulation-in-computer-graphics\sicgconsole\sicgconsole\debug\circularwireconstraint.obj
l:\learning\academy\tuem1\q4\simulation\project_git\2imv15-simulation-in-computer-graphics\sicgconsole\sicgconsole\debug\cloth.obj
l:\learning\academy\tuem1\q4\simulation\project_git\2imv15-simulation-in-computer-graphics\sicgconsole\sicgconsole\debug\angularspringforce.obj
l:\learning\academy\tuem1\q4\simulation\project_git\2imv15-simulation-in-computer-graphics\sicgconsole\sicgconsole\debug\rungekutta.obj
l:\learning\academy\tuem1\q4\simulation\project_git\2imv15-simulation-in-computer-graphics\sicgconsole\sicgconsole\debug\basicverlet.obj
l:\learning\academy\tuem1\q4\simulation\project_git\2imv15-simulation-in-computer-graphics\sicgconsole\sicgconsole\debug\constraintsolver.obj
l:\learning\academy\tuem1\q4\simulation\project_git\2imv15-simulation-in-computer-graphics\sicgconsole\sicgconsole\debug\object.obj
l:\learning\academy\tuem1\q4\simulation\project_git\2imv15-simulation-in-computer-graphics\sicgconsole\sicgconsole\debug\hair.obj
l:\learning\academy\tuem1\q4\simulation\project_git\2imv15-simulation-in-computer-graphics\sicgconsole\sicgconsole\debug\mouseforce.obj
l:\learning\academy\tuem1\q4\simulation\project_git\2imv15-simulation-in-computer-graphics\sicgconsole\sicgconsole\debug\solidobject.obj
l:\learning\academy\tuem1\q4\simulation\project_git\2imv15-simulation-in-computer-graphics\sicgconsole\debug\sicgconsole.exe
l:\learning\academy\tuem1\q4\simulation\project_git\2imv15-simulation-in-computer-graphics\sicgconsole\debug\sicgconsole.ilk
l:\learning\academy\tuem1\q4\simulation\project_git\2imv15-simulation-in-computer-graphics\sicgconsole\debug\sicgconsole.pdb
l:\learning\academy\tuem1\q4\simulation\project_git\2imv15-simulation-in-computer-graphics\sicgconsole\sicgconsole\debug\solver.obj
l:\learning\academy\tuem1\q4\simulation\project_git\2imv15-simulation-in-computer-graphics\sicgconsole\sicgconsole\debug\stdafx.obj
l:\learning\academy\tuem1\q4\simulation\project_git\2imv15-simulation-in-computer-graphics\sicgconsole\sicgconsole\debug\sicgconsole.ilk
l:\learning\academy\tuem1\q4\simulation\project_git\2imv15-simulation-in-computer-graphics\sicgconsole\sicgconsole\debug\vc140.idb
l:\learning\academy\tuem1\q4\simulation\project_git\2imv15-simulation-in-computer-graphics\sicgconsole\sicgconsole\debug\vc140.pdb
l:\learning\academy\tuem1\q4\simulation\project_git\2imv15-simulation-in-computer-graphics\sicgconsole\sicgconsole\debug\sicgconsole.tlog\cl.command.1.tlog
l:\learning\academy\tuem1\q4\simulation\project_git\2imv15-simulation-in-computer-graphics\sicgconsole\sicgconsole\debug\sicgconsole.tlog\cl.read.1.tlog
l:\learning\academy\tuem1\q4\simulation\project_git\2imv15-simulation-in-computer-graphics\sicgconsole\sicgconsole\debug\sicgconsole.tlog\cl.write.1.tlog
l:\learning\academy\tuem1\q4\simulation\project_git\2imv15-simulation-in-computer-graphics\sicgconsole\sicgconsole\debug\sicgconsole.tlog\link.command.1.tlog
l:\learning\academy\tuem1\q4\simulation\project_git\2imv15-simulation-in-computer-graphics\sicgconsole\sicgconsole\debug\sicgconsole.tlog\link.delete.1.tlog
l:\learning\academy\tuem1\q4\simulation\project_git\2imv15-simulation-in-computer-graphics\sicgconsole\sicgconsole\debug\sicgconsole.tlog\link.read.1.tlog
l:\learning\academy\tuem1\q4\simulation\project_git\2imv15-simulation-in-computer-graphics\sicgconsole\sicgconsole\debug\sicgconsole.tlog\link.write.1.tlog
